<?xml version="1.0" encoding="utf-8"?>
<coverage line-rate="0.8744" branch-rate="1" version="1.9" timestamp="1767972493" lines-covered="188" lines-valid="215" branches-covered="8" branches-valid="8">
  <sources>
    <source>/</source>
  </sources>
  <packages>
    <package name="Baubit.Collections" line-rate="0.8744" branch-rate="1" complexity="26">
      <classes>
        <class name="Baubit.Collections.ConcurrentList`1" filename="home/runner/work/Baubit.Collections/Baubit.Collections/Baubit.Collections/ConcurrentList.cs" line-rate="0.8744" branch-rate="1" complexity="26">
          <methods>
            <method name="get_Count" signature="()" line-rate="0.7272" branch-rate="1" complexity="1">
              <lines>
                <line number="18" hits="22517" branch="False" />
                <line number="20" hits="22517" branch="False" />
                <line number="21" hits="22517" branch="False" />
                <line number="22" hits="22517" branch="False" />
                <line number="24" hits="0" branch="False" />
                <line number="25" hits="0" branch="False" />
                <line number="26" hits="0" branch="False" />
                <line number="29" hits="22517" branch="False" />
                <line number="30" hits="22517" branch="False" />
                <line number="31" hits="22517" branch="False" />
                <line number="32" hits="22517" branch="False" />
              </lines>
            </method>
            <method name="get_Item" signature="(System.Int32)" line-rate="1" branch-rate="1" complexity="1">
              <lines>
                <line number="39" hits="16026" branch="False" />
                <line number="41" hits="16026" branch="False" />
                <line number="42" hits="16026" branch="False" />
                <line number="43" hits="16026" branch="False" />
                <line number="45" hits="2" branch="False" />
                <line number="46" hits="2" branch="False" />
                <line number="47" hits="2" branch="False" />
                <line number="50" hits="16026" branch="False" />
                <line number="51" hits="16026" branch="False" />
                <line number="52" hits="16026" branch="False" />
                <line number="53" hits="16024" branch="False" />
              </lines>
            </method>
            <method name="set_Item" signature="(System.Int32,T)" line-rate="1" branch-rate="1" complexity="1">
              <lines>
                <line number="56" hits="1104" branch="False" />
                <line number="58" hits="1104" branch="False" />
                <line number="59" hits="1104" branch="False" />
                <line number="60" hits="1104" branch="False" />
                <line number="61" hits="1102" branch="False" />
                <line number="62" hits="2" branch="False" />
                <line number="63" hits="2" branch="False" />
                <line number="64" hits="2" branch="False" />
                <line number="67" hits="1104" branch="False" />
                <line number="68" hits="1104" branch="False" />
                <line number="69" hits="1104" branch="False" />
                <line number="70" hits="1102" branch="False" />
              </lines>
            </method>
            <method name="get_IsReadOnly" signature="()" line-rate="1" branch-rate="1" complexity="1">
              <lines>
                <line number="84" hits="2" branch="False" />
              </lines>
            </method>
            <method name="Add" signature="(T)" line-rate="0.75" branch-rate="1" complexity="1">
              <lines>
                <line number="93" hits="11859" branch="False" />
                <line number="95" hits="11859" branch="False" />
                <line number="96" hits="11859" branch="False" />
                <line number="97" hits="11859" branch="False" />
                <line number="98" hits="11859" branch="False" />
                <line number="99" hits="0" branch="False" />
                <line number="100" hits="0" branch="False" />
                <line number="101" hits="0" branch="False" />
                <line number="104" hits="11859" branch="False" />
                <line number="105" hits="11859" branch="False" />
                <line number="106" hits="11859" branch="False" />
                <line number="107" hits="11859" branch="False" />
              </lines>
            </method>
            <method name="Clear" signature="()" line-rate="0.75" branch-rate="1" complexity="1">
              <lines>
                <line number="111" hits="13" branch="False" />
                <line number="113" hits="13" branch="False" />
                <line number="114" hits="13" branch="False" />
                <line number="115" hits="13" branch="False" />
                <line number="116" hits="13" branch="False" />
                <line number="117" hits="0" branch="False" />
                <line number="118" hits="0" branch="False" />
                <line number="119" hits="0" branch="False" />
                <line number="122" hits="13" branch="False" />
                <line number="123" hits="13" branch="False" />
                <line number="124" hits="13" branch="False" />
                <line number="125" hits="13" branch="False" />
              </lines>
            </method>
            <method name="RemoveAndReturnAll" signature="()" line-rate="0.7692" branch-rate="1" complexity="1">
              <lines>
                <line number="128" hits="7" branch="False" />
                <line number="130" hits="7" branch="False" />
                <line number="131" hits="7" branch="False" />
                <line number="132" hits="7" branch="False" />
                <line number="133" hits="7" branch="False" />
                <line number="134" hits="7" branch="False" />
                <line number="136" hits="0" branch="False" />
                <line number="137" hits="0" branch="False" />
                <line number="138" hits="0" branch="False" />
                <line number="141" hits="7" branch="False" />
                <line number="142" hits="7" branch="False" />
                <line number="143" hits="7" branch="False" />
                <line number="144" hits="7" branch="False" />
              </lines>
            </method>
            <method name="Contains" signature="(T)" line-rate="0.7272" branch-rate="1" complexity="1">
              <lines>
                <line number="148" hits="10511" branch="False" />
                <line number="150" hits="10511" branch="False" />
                <line number="151" hits="10511" branch="False" />
                <line number="152" hits="10511" branch="False" />
                <line number="154" hits="0" branch="False" />
                <line number="155" hits="0" branch="False" />
                <line number="156" hits="0" branch="False" />
                <line number="159" hits="10511" branch="False" />
                <line number="160" hits="10511" branch="False" />
                <line number="161" hits="10511" branch="False" />
                <line number="162" hits="10511" branch="False" />
              </lines>
            </method>
            <method name="CopyTo" signature="(T[],System.Int32)" line-rate="1" branch-rate="1" complexity="1">
              <lines>
                <line number="166" hits="261" branch="False" />
                <line number="168" hits="261" branch="False" />
                <line number="169" hits="261" branch="False" />
                <line number="170" hits="261" branch="False" />
                <line number="171" hits="258" branch="False" />
                <line number="172" hits="3" branch="False" />
                <line number="173" hits="3" branch="False" />
                <line number="174" hits="3" branch="False" />
                <line number="177" hits="261" branch="False" />
                <line number="178" hits="261" branch="False" />
                <line number="179" hits="261" branch="False" />
                <line number="180" hits="258" branch="False" />
              </lines>
            </method>
            <method name="GetEnumerator" signature="()" line-rate="0.7272" branch-rate="1" complexity="1">
              <lines>
                <line number="184" hits="1129" branch="False" />
                <line number="186" hits="1129" branch="False" />
                <line number="187" hits="1129" branch="False" />
                <line number="188" hits="1129" branch="False" />
                <line number="190" hits="0" branch="False" />
                <line number="191" hits="0" branch="False" />
                <line number="192" hits="0" branch="False" />
                <line number="195" hits="1129" branch="False" />
                <line number="196" hits="1129" branch="False" />
                <line number="197" hits="1129" branch="False" />
                <line number="198" hits="1129" branch="False" />
              </lines>
            </method>
            <method name="IndexOf" signature="(T)" line-rate="0.7272" branch-rate="1" complexity="1">
              <lines>
                <line number="202" hits="10508" branch="False" />
                <line number="204" hits="10508" branch="False" />
                <line number="205" hits="10508" branch="False" />
                <line number="206" hits="10508" branch="False" />
                <line number="208" hits="0" branch="False" />
                <line number="209" hits="0" branch="False" />
                <line number="210" hits="0" branch="False" />
                <line number="213" hits="10508" branch="False" />
                <line number="214" hits="10508" branch="False" />
                <line number="215" hits="10508" branch="False" />
                <line number="216" hits="10508" branch="False" />
              </lines>
            </method>
            <method name="Insert" signature="(System.Int32,T)" line-rate="1" branch-rate="1" complexity="1">
              <lines>
                <line number="220" hits="157" branch="False" />
                <line number="222" hits="157" branch="False" />
                <line number="223" hits="157" branch="False" />
                <line number="224" hits="157" branch="False" />
                <line number="225" hits="155" branch="False" />
                <line number="226" hits="2" branch="False" />
                <line number="227" hits="2" branch="False" />
                <line number="228" hits="2" branch="False" />
                <line number="231" hits="157" branch="False" />
                <line number="232" hits="157" branch="False" />
                <line number="233" hits="157" branch="False" />
                <line number="234" hits="155" branch="False" />
              </lines>
            </method>
            <method name="Remove" signature="(T)" line-rate="0.7272" branch-rate="1" complexity="1">
              <lines>
                <line number="238" hits="55" branch="False" />
                <line number="240" hits="55" branch="False" />
                <line number="241" hits="55" branch="False" />
                <line number="242" hits="55" branch="False" />
                <line number="244" hits="0" branch="False" />
                <line number="245" hits="0" branch="False" />
                <line number="246" hits="0" branch="False" />
                <line number="249" hits="55" branch="False" />
                <line number="250" hits="55" branch="False" />
                <line number="251" hits="55" branch="False" />
                <line number="252" hits="55" branch="False" />
              </lines>
            </method>
            <method name="Remove" signature="(System.Func`2&lt;System.Collections.Generic.IEnumerable`1&lt;T&gt;,T&gt;,T&amp;)" line-rate="0.8234999999999999" branch-rate="1" complexity="2">
              <lines>
                <line number="255" hits="5505" branch="False" />
                <line number="257" hits="5505" branch="False" />
                <line number="258" hits="5505" branch="False" />
                <line number="259" hits="5505" branch="False" />
                <line number="260" hits="5505" branch="True" condition-coverage="100% (2/2)">
                  <conditions>
                    <condition number="48" type="jump" coverage="100%" />
                  </conditions>
                </line>
                <line number="261" hits="5503" branch="False" />
                <line number="262" hits="5503" branch="False" />
                <line number="263" hits="5503" branch="False" />
                <line number="266" hits="2" branch="False" />
                <line number="267" hits="2" branch="False" />
                <line number="270" hits="0" branch="False" />
                <line number="271" hits="0" branch="False" />
                <line number="272" hits="0" branch="False" />
                <line number="275" hits="5505" branch="False" />
                <line number="276" hits="5505" branch="False" />
                <line number="277" hits="5505" branch="False" />
                <line number="278" hits="5505" branch="False" />
              </lines>
            </method>
            <method name="RemoveAt" signature="(System.Int32)" line-rate="1" branch-rate="1" complexity="1">
              <lines>
                <line number="283" hits="956" branch="False" />
                <line number="285" hits="956" branch="False" />
                <line number="286" hits="956" branch="False" />
                <line number="287" hits="956" branch="False" />
                <line number="288" hits="954" branch="False" />
                <line number="289" hits="2" branch="False" />
                <line number="290" hits="2" branch="False" />
                <line number="291" hits="2" branch="False" />
                <line number="294" hits="956" branch="False" />
                <line number="295" hits="956" branch="False" />
                <line number="296" hits="956" branch="False" />
                <line number="297" hits="954" branch="False" />
              </lines>
            </method>
            <method name="RemoveAtAndReturn" signature="(System.Int32)" line-rate="1" branch-rate="1" complexity="1">
              <lines>
                <line number="300" hits="55" branch="False" />
                <line number="302" hits="55" branch="False" />
                <line number="303" hits="55" branch="False" />
                <line number="304" hits="55" branch="False" />
                <line number="305" hits="53" branch="False" />
                <line number="306" hits="53" branch="False" />
                <line number="308" hits="2" branch="False" />
                <line number="309" hits="2" branch="False" />
                <line number="310" hits="2" branch="False" />
                <line number="313" hits="55" branch="False" />
                <line number="314" hits="55" branch="False" />
                <line number="315" hits="55" branch="False" />
                <line number="316" hits="53" branch="False" />
              </lines>
            </method>
            <method name="GetOrAdd" signature="(T,System.Func`2&lt;T,System.Boolean&gt;)" line-rate="1" branch-rate="1" complexity="6">
              <lines>
                <line number="326" hits="650" branch="False" />
                <line number="327" hits="650" branch="True" condition-coverage="100% (2/2)">
                  <conditions>
                    <condition number="7" type="jump" coverage="100%" />
                  </conditions>
                </line>
                <line number="328" hits="1" branch="False" />
                <line number="329" hits="1" branch="False" />
                <line number="333" hits="649" branch="False" />
                <line number="334" hits="649" branch="False" />
                <line number="337" hits="7712" branch="True" condition-coverage="100% (2/2)">
                  <conditions>
                    <condition number="84" type="jump" coverage="100%" />
                  </conditions>
                </line>
                <line number="338" hits="3194" branch="False" />
                <line number="339" hits="3194" branch="True" condition-coverage="100% (2/2)">
                  <conditions>
                    <condition number="68" type="jump" coverage="100%" />
                  </conditions>
                </line>
                <line number="340" hits="622" branch="False" />
                <line number="341" hits="622" branch="False" />
                <line number="343" hits="2571" branch="False" />
                <line number="346" hits="26" branch="False" />
                <line number="347" hits="26" branch="False" />
                <line number="349" hits="1" branch="False" />
                <line number="350" hits="1" branch="False" />
                <line number="351" hits="1" branch="False" />
                <line number="354" hits="649" branch="False" />
                <line number="355" hits="649" branch="False" />
                <line number="356" hits="649" branch="False" />
                <line number="357" hits="648" branch="False" />
              </lines>
            </method>
            <method name="System.Collections.IEnumerable.GetEnumerator" signature="()" line-rate="1" branch-rate="1" complexity="1">
              <lines>
                <line number="361" hits="2" branch="False" />
                <line number="362" hits="2" branch="False" />
                <line number="363" hits="2" branch="False" />
              </lines>
            </method>
            <method name=".ctor" signature="()" line-rate="1" branch-rate="1" complexity="1">
              <lines>
                <line number="73" hits="20" branch="False" />
                <line number="74" hits="20" branch="False" />
                <line number="76" hits="20" branch="False" />
                <line number="86" hits="97" branch="False" />
                <line number="87" hits="97" branch="False" />
              </lines>
            </method>
            <method name=".ctor" signature="(System.Collections.Generic.IEnumerable`1&lt;T&gt;)" line-rate="1" branch-rate="1" complexity="1">
              <lines>
                <line number="78" hits="77" branch="False" />
                <line number="79" hits="77" branch="False" />
                <line number="80" hits="77" branch="False" />
                <line number="81" hits="77" branch="False" />
              </lines>
            </method>
          </methods>
          <lines>
            <line number="18" hits="22517" branch="False" />
            <line number="20" hits="22517" branch="False" />
            <line number="21" hits="22517" branch="False" />
            <line number="22" hits="22517" branch="False" />
            <line number="24" hits="0" branch="False" />
            <line number="25" hits="0" branch="False" />
            <line number="26" hits="0" branch="False" />
            <line number="29" hits="22517" branch="False" />
            <line number="30" hits="22517" branch="False" />
            <line number="31" hits="22517" branch="False" />
            <line number="32" hits="22517" branch="False" />
            <line number="39" hits="16026" branch="False" />
            <line number="41" hits="16026" branch="False" />
            <line number="42" hits="16026" branch="False" />
            <line number="43" hits="16026" branch="False" />
            <line number="45" hits="2" branch="False" />
            <line number="46" hits="2" branch="False" />
            <line number="47" hits="2" branch="False" />
            <line number="50" hits="16026" branch="False" />
            <line number="51" hits="16026" branch="False" />
            <line number="52" hits="16026" branch="False" />
            <line number="53" hits="16024" branch="False" />
            <line number="56" hits="1104" branch="False" />
            <line number="58" hits="1104" branch="False" />
            <line number="59" hits="1104" branch="False" />
            <line number="60" hits="1104" branch="False" />
            <line number="61" hits="1102" branch="False" />
            <line number="62" hits="2" branch="False" />
            <line number="63" hits="2" branch="False" />
            <line number="64" hits="2" branch="False" />
            <line number="67" hits="1104" branch="False" />
            <line number="68" hits="1104" branch="False" />
            <line number="69" hits="1104" branch="False" />
            <line number="70" hits="1102" branch="False" />
            <line number="84" hits="2" branch="False" />
            <line number="93" hits="11859" branch="False" />
            <line number="95" hits="11859" branch="False" />
            <line number="96" hits="11859" branch="False" />
            <line number="97" hits="11859" branch="False" />
            <line number="98" hits="11859" branch="False" />
            <line number="99" hits="0" branch="False" />
            <line number="100" hits="0" branch="False" />
            <line number="101" hits="0" branch="False" />
            <line number="104" hits="11859" branch="False" />
            <line number="105" hits="11859" branch="False" />
            <line number="106" hits="11859" branch="False" />
            <line number="107" hits="11859" branch="False" />
            <line number="111" hits="13" branch="False" />
            <line number="113" hits="13" branch="False" />
            <line number="114" hits="13" branch="False" />
            <line number="115" hits="13" branch="False" />
            <line number="116" hits="13" branch="False" />
            <line number="117" hits="0" branch="False" />
            <line number="118" hits="0" branch="False" />
            <line number="119" hits="0" branch="False" />
            <line number="122" hits="13" branch="False" />
            <line number="123" hits="13" branch="False" />
            <line number="124" hits="13" branch="False" />
            <line number="125" hits="13" branch="False" />
            <line number="128" hits="7" branch="False" />
            <line number="130" hits="7" branch="False" />
            <line number="131" hits="7" branch="False" />
            <line number="132" hits="7" branch="False" />
            <line number="133" hits="7" branch="False" />
            <line number="134" hits="7" branch="False" />
            <line number="136" hits="0" branch="False" />
            <line number="137" hits="0" branch="False" />
            <line number="138" hits="0" branch="False" />
            <line number="141" hits="7" branch="False" />
            <line number="142" hits="7" branch="False" />
            <line number="143" hits="7" branch="False" />
            <line number="144" hits="7" branch="False" />
            <line number="148" hits="10511" branch="False" />
            <line number="150" hits="10511" branch="False" />
            <line number="151" hits="10511" branch="False" />
            <line number="152" hits="10511" branch="False" />
            <line number="154" hits="0" branch="False" />
            <line number="155" hits="0" branch="False" />
            <line number="156" hits="0" branch="False" />
            <line number="159" hits="10511" branch="False" />
            <line number="160" hits="10511" branch="False" />
            <line number="161" hits="10511" branch="False" />
            <line number="162" hits="10511" branch="False" />
            <line number="166" hits="261" branch="False" />
            <line number="168" hits="261" branch="False" />
            <line number="169" hits="261" branch="False" />
            <line number="170" hits="261" branch="False" />
            <line number="171" hits="258" branch="False" />
            <line number="172" hits="3" branch="False" />
            <line number="173" hits="3" branch="False" />
            <line number="174" hits="3" branch="False" />
            <line number="177" hits="261" branch="False" />
            <line number="178" hits="261" branch="False" />
            <line number="179" hits="261" branch="False" />
            <line number="180" hits="258" branch="False" />
            <line number="184" hits="1129" branch="False" />
            <line number="186" hits="1129" branch="False" />
            <line number="187" hits="1129" branch="False" />
            <line number="188" hits="1129" branch="False" />
            <line number="190" hits="0" branch="False" />
            <line number="191" hits="0" branch="False" />
            <line number="192" hits="0" branch="False" />
            <line number="195" hits="1129" branch="False" />
            <line number="196" hits="1129" branch="False" />
            <line number="197" hits="1129" branch="False" />
            <line number="198" hits="1129" branch="False" />
            <line number="202" hits="10508" branch="False" />
            <line number="204" hits="10508" branch="False" />
            <line number="205" hits="10508" branch="False" />
            <line number="206" hits="10508" branch="False" />
            <line number="208" hits="0" branch="False" />
            <line number="209" hits="0" branch="False" />
            <line number="210" hits="0" branch="False" />
            <line number="213" hits="10508" branch="False" />
            <line number="214" hits="10508" branch="False" />
            <line number="215" hits="10508" branch="False" />
            <line number="216" hits="10508" branch="False" />
            <line number="220" hits="157" branch="False" />
            <line number="222" hits="157" branch="False" />
            <line number="223" hits="157" branch="False" />
            <line number="224" hits="157" branch="False" />
            <line number="225" hits="155" branch="False" />
            <line number="226" hits="2" branch="False" />
            <line number="227" hits="2" branch="False" />
            <line number="228" hits="2" branch="False" />
            <line number="231" hits="157" branch="False" />
            <line number="232" hits="157" branch="False" />
            <line number="233" hits="157" branch="False" />
            <line number="234" hits="155" branch="False" />
            <line number="238" hits="55" branch="False" />
            <line number="240" hits="55" branch="False" />
            <line number="241" hits="55" branch="False" />
            <line number="242" hits="55" branch="False" />
            <line number="244" hits="0" branch="False" />
            <line number="245" hits="0" branch="False" />
            <line number="246" hits="0" branch="False" />
            <line number="249" hits="55" branch="False" />
            <line number="250" hits="55" branch="False" />
            <line number="251" hits="55" branch="False" />
            <line number="252" hits="55" branch="False" />
            <line number="255" hits="5505" branch="False" />
            <line number="257" hits="5505" branch="False" />
            <line number="258" hits="5505" branch="False" />
            <line number="259" hits="5505" branch="False" />
            <line number="260" hits="5505" branch="True" condition-coverage="100% (2/2)">
              <conditions>
                <condition number="48" type="jump" coverage="100%" />
              </conditions>
            </line>
            <line number="261" hits="5503" branch="False" />
            <line number="262" hits="5503" branch="False" />
            <line number="263" hits="5503" branch="False" />
            <line number="266" hits="2" branch="False" />
            <line number="267" hits="2" branch="False" />
            <line number="270" hits="0" branch="False" />
            <line number="271" hits="0" branch="False" />
            <line number="272" hits="0" branch="False" />
            <line number="275" hits="5505" branch="False" />
            <line number="276" hits="5505" branch="False" />
            <line number="277" hits="5505" branch="False" />
            <line number="278" hits="5505" branch="False" />
            <line number="283" hits="956" branch="False" />
            <line number="285" hits="956" branch="False" />
            <line number="286" hits="956" branch="False" />
            <line number="287" hits="956" branch="False" />
            <line number="288" hits="954" branch="False" />
            <line number="289" hits="2" branch="False" />
            <line number="290" hits="2" branch="False" />
            <line number="291" hits="2" branch="False" />
            <line number="294" hits="956" branch="False" />
            <line number="295" hits="956" branch="False" />
            <line number="296" hits="956" branch="False" />
            <line number="297" hits="954" branch="False" />
            <line number="300" hits="55" branch="False" />
            <line number="302" hits="55" branch="False" />
            <line number="303" hits="55" branch="False" />
            <line number="304" hits="55" branch="False" />
            <line number="305" hits="53" branch="False" />
            <line number="306" hits="53" branch="False" />
            <line number="308" hits="2" branch="False" />
            <line number="309" hits="2" branch="False" />
            <line number="310" hits="2" branch="False" />
            <line number="313" hits="55" branch="False" />
            <line number="314" hits="55" branch="False" />
            <line number="315" hits="55" branch="False" />
            <line number="316" hits="53" branch="False" />
            <line number="326" hits="650" branch="False" />
            <line number="327" hits="650" branch="True" condition-coverage="100% (2/2)">
              <conditions>
                <condition number="7" type="jump" coverage="100%" />
              </conditions>
            </line>
            <line number="328" hits="1" branch="False" />
            <line number="329" hits="1" branch="False" />
            <line number="333" hits="649" branch="False" />
            <line number="334" hits="649" branch="False" />
            <line number="337" hits="7712" branch="True" condition-coverage="100% (2/2)">
              <conditions>
                <condition number="84" type="jump" coverage="100%" />
              </conditions>
            </line>
            <line number="338" hits="3194" branch="False" />
            <line number="339" hits="3194" branch="True" condition-coverage="100% (2/2)">
              <conditions>
                <condition number="68" type="jump" coverage="100%" />
              </conditions>
            </line>
            <line number="340" hits="622" branch="False" />
            <line number="341" hits="622" branch="False" />
            <line number="343" hits="2571" branch="False" />
            <line number="346" hits="26" branch="False" />
            <line number="347" hits="26" branch="False" />
            <line number="349" hits="1" branch="False" />
            <line number="350" hits="1" branch="False" />
            <line number="351" hits="1" branch="False" />
            <line number="354" hits="649" branch="False" />
            <line number="355" hits="649" branch="False" />
            <line number="356" hits="649" branch="False" />
            <line number="357" hits="648" branch="False" />
            <line number="361" hits="2" branch="False" />
            <line number="362" hits="2" branch="False" />
            <line number="363" hits="2" branch="False" />
            <line number="73" hits="20" branch="False" />
            <line number="74" hits="20" branch="False" />
            <line number="76" hits="20" branch="False" />
            <line number="86" hits="97" branch="False" />
            <line number="87" hits="97" branch="False" />
            <line number="78" hits="77" branch="False" />
            <line number="79" hits="77" branch="False" />
            <line number="80" hits="77" branch="False" />
            <line number="81" hits="77" branch="False" />
          </lines>
        </class>
      </classes>
    </package>
  </packages>
</coverage>